ERROR 2024-03-14 16:51:47,203 views 22700 22996 Error In Featching  Users Data
ERROR 2024-03-14 16:58:28,806 views 22700 22996 Error In Featching  Users Data
ERROR 2024-03-14 16:58:56,242 views 14744 14520 Error In Featching  Users Data
ERROR 2024-03-14 16:59:14,122 views 24640 16380 Error In Featching  Users Data
ERROR 2024-03-14 17:00:23,092 views 15472 27324 Error In Featching  Users Data
ERROR 2024-03-14 17:01:15,373 views 15472 27324 Error in Creating the User
ERROR 2024-03-14 17:02:02,753 views 15472 27324 Error In Featching  Users Data
ERROR 2024-03-14 17:07:32,438 views 26020 19724 Error in Creating the User
ERROR 2024-03-14 17:07:45,844 views 26020 19724 Error in Creating the User
ERROR 2024-03-14 17:10:38,989 views 23064 25896 Error in Creating the User
ERROR 2024-03-14 17:10:52,206 views 23064 25896 Error in Creating the User
ERROR 2024-03-14 17:13:30,518 views 10628 11984 Error in Creating the User
ERROR 2024-03-14 17:14:22,763 views 23500 9860 Error in Creating the User
ERROR 2024-03-14 17:14:40,180 views 11400 9696 Error in Creating the User
ERROR 2024-03-14 17:17:54,012 views 22428 26476 Error in Creating the User
ERROR 2024-03-14 17:44:07,832 views 12600 1392 Error in Creating the User
ERROR 2024-03-14 17:47:56,275 views 22624 20704 Error in Creating the User
ERROR 2024-03-15 11:21:57,368 views 3448 16868 Error in Creating the User
ERROR 2024-03-15 11:25:26,444 views 3448 16868 Error in Creating the User
ERROR 2024-03-15 14:56:40,615 views 14808 672 Error in Creating the User
ERROR 2024-03-15 15:57:34,817 views 12396 15132 Error in Creating the User
ERROR 2024-03-15 15:58:44,543 views 12396 15132 Error in Creating the User
ERROR 2024-03-15 16:42:56,796 views 3996 16016 Error in Creating the User
ERROR 2024-03-15 16:43:00,730 views 3996 16016 Error in Creating the User
ERROR 2024-03-15 16:43:01,705 views 3996 16016 Error in Creating the User
ERROR 2024-03-15 16:43:03,448 views 3996 16016 Error in Creating the User
ERROR 2024-03-15 16:43:04,363 views 3996 16016 Error in Creating the User
ERROR 2024-03-16 11:08:25,697 views 2932 17076 Error in Creating the User
ERROR 2024-03-16 11:29:14,609 views 18872 936 Error in Creating the User
ERROR 2024-03-16 11:55:03,876 views 12024 11748 Error in Creating the User
ERROR 2024-03-16 11:55:23,209 views 12024 11748 Error in Creating the User
ERROR 2024-03-16 11:55:25,037 views 12024 11748 Error in Creating the User
ERROR 2024-03-16 11:55:34,617 views 12024 11748 Error in Creating the User
ERROR 2024-03-16 11:55:35,942 views 12024 11748 Error in Creating the User
ERROR 2024-03-16 11:56:21,099 views 12024 11748 Error in Creating the User
ERROR 2024-03-16 11:56:39,897 views 12024 11748 Error in Creating the User
ERROR 2024-03-16 11:56:51,477 views 12024 11748 Error in Creating the User
ERROR 2024-03-16 11:57:14,360 views 12024 11748 Error in Creating the User
ERROR 2024-03-16 11:57:48,971 views 8956 3544 Error in Creating the User
ERROR 2024-03-16 11:57:50,420 views 8956 3544 Error in Creating the User
ERROR 2024-03-16 11:57:58,557 views 8956 3544 Error in Creating the User
ERROR 2024-03-16 12:01:38,202 views 4656 6524 Error in Creating the User
ERROR 2024-03-16 12:02:08,052 views 4656 6524 Error in Creating the User
ERROR 2024-03-16 12:02:19,632 views 4656 6524 Error in Creating the User
ERROR 2024-03-16 12:02:27,486 views 4656 6524 Error in Creating the User
ERROR 2024-03-16 12:02:42,234 views 4656 6524 Error in Creating the User
ERROR 2024-03-16 14:14:59,956 views 18596 12700 Error in Creating the User
ERROR 2024-03-16 21:20:18,830 views 10424 18424 Error In Featching  Users Data
ERROR 2024-03-16 22:30:21,676 views 5760 5192 Error in Creating the User
ERROR 2024-03-16 22:31:28,020 views 5760 5192 Error in Creating the User
ERROR 2024-03-16 22:49:08,867 views 12520 14288 Error in Creating the User
ERROR 2024-03-16 22:49:35,484 views 12520 14288 Error in Creating the User
ERROR 2024-03-16 22:51:16,323 views 16412 17584 Error in Creating the User
ERROR 2024-03-17 12:31:23,143 views 13564 7840 Error in Adding Bank Details 
ERROR 2024-03-17 12:32:40,594 views 10264 2836 Error in Adding Bank Details 
ERROR 2024-03-17 12:32:47,782 views 10264 2836 Error in Adding Bank Details 
ERROR 2024-03-17 12:33:59,718 views 13844 7072 Error in Adding Bank Details 
ERROR 2024-03-17 12:35:32,443 views 13044 5076 Error in Adding Bank Details 
ERROR 2024-03-17 12:36:14,268 views 16844 1896 Error in Adding Bank Details 
ERROR 2024-03-17 12:42:48,235 views 17760 11948 Error in data Featching
ERROR 2024-03-17 12:44:37,485 views 16084 6012 Error in data Featching
ERROR 2024-03-17 12:45:06,322 views 2748 9896 Error in data Featching
ERROR 2024-03-17 12:45:23,283 views 2748 9896 Error in Adding Bank Details 
ERROR 2024-03-17 12:45:47,899 views 2748 9896 Error in data Featching
ERROR 2024-03-18 17:24:58,838 views 10556 17624 Error in Creating the Student
ERROR 2024-03-18 17:27:39,202 views 8236 14324 Error in Creating the Student
ERROR 2024-03-18 17:32:16,869 views 8236 14324 Error in Creating the Student
ERROR 2024-03-18 17:34:32,812 views 12712 7592 Error in Creating the Student
ERROR 2024-03-18 17:35:34,994 views 6440 2748 Error in Creating the Student
ERROR 2024-03-18 17:35:50,637 views 6440 2748 Error in Creating the Student
ERROR 2024-03-18 17:38:50,282 views 11296 15568 Error in Creating the Student
ERROR 2024-03-19 15:57:09,669 views 13344 17028 Error in Adding Bank Details 
ERROR 2024-03-19 15:58:38,117 views 13344 17028 Error in Adding Bank Details 
