INFO 2024-03-14 16:51:47,200 views 22700 22996 User List Retrieved Successfully
ERROR 2024-03-14 16:51:47,203 views 22700 22996 Error In Featching  Users Data
INFO 2024-03-14 16:58:28,803 views 22700 22996 User List Retrieved Successfully
ERROR 2024-03-14 16:58:28,806 views 22700 22996 Error In Featching  Users Data
INFO 2024-03-14 16:58:56,240 views 14744 14520 User List Retrieved Successfully
ERROR 2024-03-14 16:58:56,242 views 14744 14520 Error In Featching  Users Data
INFO 2024-03-14 16:59:14,120 views 24640 16380 User List Retrieved Successfully
ERROR 2024-03-14 16:59:14,122 views 24640 16380 Error In Featching  Users Data
INFO 2024-03-14 17:00:23,088 views 15472 27324 User List Retrieved Successfully
ERROR 2024-03-14 17:00:23,092 views 15472 27324 Error In Featching  Users Data
ERROR 2024-03-14 17:01:15,373 views 15472 27324 Error in Creating the User
INFO 2024-03-14 17:02:02,750 views 15472 27324 User List Retrieved Successfully
ERROR 2024-03-14 17:02:02,753 views 15472 27324 Error In Featching  Users Data
INFO 2024-03-14 17:02:38,972 views 26072 21348 User List Retrieved Successfully
ERROR 2024-03-14 17:07:32,438 views 26020 19724 Error in Creating the User
ERROR 2024-03-14 17:07:45,844 views 26020 19724 Error in Creating the User
ERROR 2024-03-14 17:10:38,989 views 23064 25896 Error in Creating the User
ERROR 2024-03-14 17:10:52,206 views 23064 25896 Error in Creating the User
ERROR 2024-03-14 17:13:30,518 views 10628 11984 Error in Creating the User
ERROR 2024-03-14 17:14:22,763 views 23500 9860 Error in Creating the User
ERROR 2024-03-14 17:14:40,180 views 11400 9696 Error in Creating the User
INFO 2024-03-14 17:15:37,080 views 11400 9696 User List Retrieved Successfully
ERROR 2024-03-14 17:17:54,012 views 22428 26476 Error in Creating the User
ERROR 2024-03-14 17:44:07,832 views 12600 1392 Error in Creating the User
ERROR 2024-03-14 17:47:56,275 views 22624 20704 Error in Creating the User
ERROR 2024-03-15 11:21:57,368 views 3448 16868 Error in Creating the User
ERROR 2024-03-15 11:25:26,444 views 3448 16868 Error in Creating the User
ERROR 2024-03-15 14:56:40,615 views 14808 672 Error in Creating the User
ERROR 2024-03-15 15:57:34,817 views 12396 15132 Error in Creating the User
ERROR 2024-03-15 15:58:44,543 views 12396 15132 Error in Creating the User
INFO 2024-03-15 16:06:40,845 views 12396 16008 User List Retrieved Successfully
INFO 2024-03-15 16:06:52,539 views 12396 16008 User List Retrieved Successfully
INFO 2024-03-15 16:09:21,829 views 12396 16008 User List Retrieved Successfully
INFO 2024-03-15 16:09:30,832 views 12396 16008 User List Retrieved Successfully
INFO 2024-03-15 16:09:42,223 views 12396 16008 User List Retrieved Successfully
INFO 2024-03-15 16:10:22,824 views 12396 16008 User List Retrieved Successfully
INFO 2024-03-15 16:11:01,830 views 12396 16008 User List Retrieved Successfully
INFO 2024-03-15 16:11:06,825 views 12396 16008 User List Retrieved Successfully
INFO 2024-03-15 16:11:41,759 views 12396 16008 User List Retrieved Successfully
INFO 2024-03-15 16:11:44,969 views 12396 16008 User List Retrieved Successfully
INFO 2024-03-15 16:11:47,063 views 12396 16008 User List Retrieved Successfully
INFO 2024-03-15 16:15:18,832 views 12396 16008 User List Retrieved Successfully
INFO 2024-03-15 16:17:20,302 views 12396 16008 User List Retrieved Successfully
INFO 2024-03-15 16:20:35,536 views 12396 16008 User List Retrieved Successfully
INFO 2024-03-15 16:20:38,461 views 12396 16008 User List Retrieved Successfully
INFO 2024-03-15 16:20:49,847 views 12396 16008 User List Retrieved Successfully
INFO 2024-03-15 16:24:02,775 views 12396 16008 User List Retrieved Successfully
INFO 2024-03-15 16:25:12,827 views 12396 16008 User List Retrieved Successfully
INFO 2024-03-15 16:25:13,835 views 12396 16008 User List Retrieved Successfully
INFO 2024-03-15 16:25:27,765 views 12396 16008 User List Retrieved Successfully
INFO 2024-03-15 16:31:30,475 views 3996 14492 User List Retrieved Successfully
INFO 2024-03-15 16:31:40,095 views 3996 14492 User List Retrieved Successfully
INFO 2024-03-15 16:31:41,755 views 3996 14492 User List Retrieved Successfully
INFO 2024-03-15 16:32:41,871 views 3996 14492 User List Retrieved Successfully
INFO 2024-03-15 16:32:42,743 views 3996 14492 User List Retrieved Successfully
INFO 2024-03-15 16:38:06,845 views 3996 16016 User List Retrieved Successfully
INFO 2024-03-15 16:42:08,592 views 3996 16016 User List Retrieved Successfully
ERROR 2024-03-15 16:42:56,796 views 3996 16016 Error in Creating the User
ERROR 2024-03-15 16:43:00,730 views 3996 16016 Error in Creating the User
ERROR 2024-03-15 16:43:01,705 views 3996 16016 Error in Creating the User
ERROR 2024-03-15 16:43:03,448 views 3996 16016 Error in Creating the User
ERROR 2024-03-15 16:43:04,363 views 3996 16016 Error in Creating the User
INFO 2024-03-15 16:43:11,236 views 3996 16016 User List Retrieved Successfully
INFO 2024-03-15 16:47:15,769 views 3996 16016 User List Retrieved Successfully
INFO 2024-03-15 16:52:02,163 views 3996 16016 User List Retrieved Successfully
INFO 2024-03-15 17:01:29,197 views 1920 15984 User List Retrieved Successfully
INFO 2024-03-15 17:23:25,804 views 5800 18440 User List Retrieved Successfully
INFO 2024-03-15 17:26:25,979 views 5800 16892 User List Retrieved Successfully
INFO 2024-03-15 17:29:59,674 views 5800 7480 User List Retrieved Successfully
INFO 2024-03-15 17:33:30,424 views 5800 14192 User List Retrieved Successfully
INFO 2024-03-15 17:34:18,741 views 5800 14192 User List Retrieved Successfully
INFO 2024-03-15 17:35:14,805 views 5800 10636 User List Retrieved Successfully
INFO 2024-03-15 17:36:39,809 views 5800 19288 User List Retrieved Successfully
INFO 2024-03-15 17:36:42,800 views 5800 19288 User List Retrieved Successfully
INFO 2024-03-15 17:36:43,804 views 5800 19288 User List Retrieved Successfully
INFO 2024-03-15 17:36:47,804 views 5800 17452 User List Retrieved Successfully
INFO 2024-03-15 17:36:52,810 views 5800 17452 User List Retrieved Successfully
INFO 2024-03-15 17:36:55,800 views 5800 17452 User List Retrieved Successfully
INFO 2024-03-15 17:37:07,279 views 5800 696 User List Retrieved Successfully
INFO 2024-03-15 17:38:14,296 views 5800 17920 User List Retrieved Successfully
INFO 2024-03-15 17:40:05,585 views 14024 13600 User List Retrieved Successfully
INFO 2024-03-15 17:40:17,370 views 14024 18080 User List Retrieved Successfully
INFO 2024-03-15 17:43:07,918 views 14024 17652 User List Retrieved Successfully
INFO 2024-03-15 17:46:40,811 views 14024 11748 User List Retrieved Successfully
INFO 2024-03-15 17:46:54,583 views 14024 11748 User List Retrieved Successfully
INFO 2024-03-15 17:46:57,931 views 14024 11748 User List Retrieved Successfully
INFO 2024-03-15 17:47:24,054 views 14024 11748 User List Retrieved Successfully
INFO 2024-03-15 17:50:17,687 views 14024 18144 User List Retrieved Successfully
INFO 2024-03-15 17:50:51,291 views 14024 18144 User List Retrieved Successfully
INFO 2024-03-16 11:02:48,413 views 2932 11080 User List Retrieved Successfully
INFO 2024-03-16 11:07:57,434 views 2932 17076 User List Retrieved Successfully
ERROR 2024-03-16 11:08:25,697 views 2932 17076 Error in Creating the User
INFO 2024-03-16 11:08:33,568 views 2932 17076 User List Retrieved Successfully
INFO 2024-03-16 11:10:59,842 views 19044 19376 User List Retrieved Successfully
INFO 2024-03-16 11:15:56,262 views 18872 3524 User List Retrieved Successfully
INFO 2024-03-16 11:17:19,701 views 18872 3524 User List Retrieved Successfully
INFO 2024-03-16 11:26:21,689 views 18872 2764 User List Retrieved Successfully
INFO 2024-03-16 11:28:08,676 views 18872 936 User List Retrieved Successfully
ERROR 2024-03-16 11:29:14,609 views 18872 936 Error in Creating the User
INFO 2024-03-16 11:29:42,614 views 18872 936 User List Retrieved Successfully
ERROR 2024-03-16 11:55:03,876 views 12024 11748 Error in Creating the User
ERROR 2024-03-16 11:55:23,209 views 12024 11748 Error in Creating the User
ERROR 2024-03-16 11:55:25,037 views 12024 11748 Error in Creating the User
ERROR 2024-03-16 11:55:34,617 views 12024 11748 Error in Creating the User
ERROR 2024-03-16 11:55:35,942 views 12024 11748 Error in Creating the User
ERROR 2024-03-16 11:56:21,099 views 12024 11748 Error in Creating the User
ERROR 2024-03-16 11:56:39,897 views 12024 11748 Error in Creating the User
ERROR 2024-03-16 11:56:51,477 views 12024 11748 Error in Creating the User
ERROR 2024-03-16 11:57:14,360 views 12024 11748 Error in Creating the User
ERROR 2024-03-16 11:57:48,971 views 8956 3544 Error in Creating the User
ERROR 2024-03-16 11:57:50,420 views 8956 3544 Error in Creating the User
ERROR 2024-03-16 11:57:58,557 views 8956 3544 Error in Creating the User
ERROR 2024-03-16 12:01:38,202 views 4656 6524 Error in Creating the User
ERROR 2024-03-16 12:02:08,052 views 4656 6524 Error in Creating the User
ERROR 2024-03-16 12:02:19,632 views 4656 6524 Error in Creating the User
ERROR 2024-03-16 12:02:27,486 views 4656 6524 Error in Creating the User
ERROR 2024-03-16 12:02:42,234 views 4656 6524 Error in Creating the User
INFO 2024-03-16 12:03:07,805 views 4656 17340 User List Retrieved Successfully
INFO 2024-03-16 14:10:28,348 views 16020 8452 User List Retrieved Successfully
INFO 2024-03-16 14:12:25,607 views 16020 8452 User List Retrieved Successfully
INFO 2024-03-16 14:13:57,027 views 18596 16948 User List Retrieved Successfully
ERROR 2024-03-16 14:14:59,956 views 18596 12700 Error in Creating the User
INFO 2024-03-16 14:27:30,268 views 18560 18512 User List Retrieved Successfully
INFO 2024-03-16 14:28:32,041 views 18560 18512 User List Retrieved Successfully
INFO 2024-03-16 15:50:07,295 views 18560 12420 User List Retrieved Successfully
INFO 2024-03-16 15:50:35,789 views 18560 12420 User List Retrieved Successfully
INFO 2024-03-16 21:18:46,555 views 17060 17496 User List Retrieved Successfully
INFO 2024-03-16 21:20:18,823 views 10424 18424 User List Retrieved Successfully
ERROR 2024-03-16 21:20:18,830 views 10424 18424 Error In Featching  Users Data
INFO 2024-03-16 21:21:03,233 views 3316 9680 User List Retrieved Successfully
INFO 2024-03-16 21:21:05,431 views 3316 9680 User List Retrieved Successfully
INFO 2024-03-16 21:46:05,645 views 13004 16460 User List Retrieved Successfully
INFO 2024-03-16 22:20:48,407 views 5760 5192 User Deactivated SuccessFully
INFO 2024-03-16 22:30:07,621 views 5760 5192 User List Retrieved Successfully
ERROR 2024-03-16 22:30:21,676 views 5760 5192 Error in Creating the User
ERROR 2024-03-16 22:31:28,020 views 5760 5192 Error in Creating the User
INFO 2024-03-16 22:32:10,832 views 5760 5192 User List Retrieved Successfully
INFO 2024-03-16 22:48:32,857 views 2296 13152 User Deactivated SuccessFully
ERROR 2024-03-16 22:49:08,867 views 12520 14288 Error in Creating the User
INFO 2024-03-16 22:49:23,644 views 12520 14288 User List Retrieved Successfully
ERROR 2024-03-16 22:49:35,484 views 12520 14288 Error in Creating the User
ERROR 2024-03-16 22:51:16,323 views 16412 17584 Error in Creating the User
INFO 2024-03-17 11:32:45,067 views 3828 15980 User Deactivated SuccessFully
INFO 2024-03-17 11:57:36,594 views 4544 9908 The Employee is created
INFO 2024-03-17 11:58:38,948 views 4544 9908 User Deactivated SuccessFully
INFO 2024-03-17 12:25:31,575 views 1384 13816 User List Retrieved Successfully
ERROR 2024-03-17 12:31:23,143 views 13564 7840 Error in Adding Bank Details 
ERROR 2024-03-17 12:32:40,594 views 10264 2836 Error in Adding Bank Details 
ERROR 2024-03-17 12:32:47,782 views 10264 2836 Error in Adding Bank Details 
ERROR 2024-03-17 12:33:59,718 views 13844 7072 Error in Adding Bank Details 
ERROR 2024-03-17 12:35:32,443 views 13044 5076 Error in Adding Bank Details 
ERROR 2024-03-17 12:36:14,268 views 16844 1896 Error in Adding Bank Details 
INFO 2024-03-17 12:36:31,683 views 16844 1896 Bank Details Added Successfully
ERROR 2024-03-17 12:42:48,235 views 17760 11948 Error in data Featching
ERROR 2024-03-17 12:44:37,485 views 16084 6012 Error in data Featching
ERROR 2024-03-17 12:45:06,322 views 2748 9896 Error in data Featching
ERROR 2024-03-17 12:45:23,283 views 2748 9896 Error in Adding Bank Details 
INFO 2024-03-17 12:45:41,253 views 2748 9896 Bank Details Added Successfully
ERROR 2024-03-17 12:45:47,899 views 2748 9896 Error in data Featching
INFO 2024-03-17 12:47:29,841 views 7304 468 Data FetchSuccessFully
INFO 2024-03-17 19:24:08,372 views 11308 21132 User List Retrieved Successfully
INFO 2024-03-17 19:31:44,173 views 20532 20600 User List Retrieved Successfully
INFO 2024-03-17 19:32:39,431 views 20532 20600 User List Retrieved Successfully
INFO 2024-03-17 19:36:03,943 views 14264 11920 User List Retrieved Successfully
INFO 2024-03-17 19:37:31,517 views 14264 11920 User List Retrieved Successfully
INFO 2024-03-17 19:39:05,270 views 8292 2880 User List Retrieved Successfully
INFO 2024-03-17 19:39:11,026 views 8292 2880 User List Retrieved Successfully
INFO 2024-03-17 19:39:29,252 views 19348 14452 User List Retrieved Successfully
INFO 2024-03-17 19:39:33,101 views 19348 14452 User List Retrieved Successfully
INFO 2024-03-17 19:40:10,407 views 12036 17844 User List Retrieved Successfully
INFO 2024-03-17 19:40:13,167 views 12036 17844 User List Retrieved Successfully
INFO 2024-03-17 19:40:35,326 views 11444 11796 User List Retrieved Successfully
INFO 2024-03-17 19:44:00,362 views 19276 3524 User List Retrieved Successfully
INFO 2024-03-17 19:44:22,500 views 10948 19564 User List Retrieved Successfully
INFO 2024-03-17 19:47:40,416 views 16336 2200 User List Retrieved Successfully
INFO 2024-03-17 19:47:45,461 views 16336 2200 User List Retrieved Successfully
INFO 2024-03-17 19:55:26,212 views 3728 14728 User List Retrieved Successfully
INFO 2024-03-17 20:02:12,442 views 14368 15548 User List Retrieved Successfully
INFO 2024-03-17 20:03:01,895 views 5188 19792 User List Retrieved Successfully
INFO 2024-03-17 20:03:07,034 views 5188 19792 User List Retrieved Successfully
INFO 2024-03-17 20:11:25,123 views 2160 20488 User List Retrieved Successfully
INFO 2024-03-17 20:15:36,497 views 2160 20488 User Deactivated SuccessFully
INFO 2024-03-18 11:47:23,039 views 14052 18800 User List Retrieved Successfully
INFO 2024-03-18 14:17:06,989 views 14052 1644 User List Retrieved Successfully
INFO 2024-03-18 15:22:59,663 views 21020 11344 User List Retrieved Successfully
INFO 2024-03-18 15:28:41,545 views 4364 7888 User List Retrieved Successfully
ERROR 2024-03-18 17:24:58,838 views 10556 17624 Error in Creating the Student
ERROR 2024-03-18 17:27:39,202 views 8236 14324 Error in Creating the Student
INFO 2024-03-18 17:28:16,968 views 8236 14324 User List Retrieved Successfully
INFO 2024-03-18 17:31:58,454 views 8236 14324 User List Retrieved Successfully
ERROR 2024-03-18 17:32:16,869 views 8236 14324 Error in Creating the Student
ERROR 2024-03-18 17:34:32,812 views 12712 7592 Error in Creating the Student
ERROR 2024-03-18 17:35:34,994 views 6440 2748 Error in Creating the Student
ERROR 2024-03-18 17:35:50,637 views 6440 2748 Error in Creating the Student
ERROR 2024-03-18 17:38:50,282 views 11296 15568 Error in Creating the Student
INFO 2024-03-19 15:54:35,663 views 13344 2004 User List Retrieved Successfully
INFO 2024-03-19 15:57:04,108 views 13344 2004 User List Retrieved Successfully
ERROR 2024-03-19 15:57:09,669 views 13344 17028 Error in Adding Bank Details 
INFO 2024-03-19 15:58:05,694 views 13344 2004 User List Retrieved Successfully
INFO 2024-03-19 15:58:09,680 views 13344 2004 User List Retrieved Successfully
INFO 2024-03-19 15:58:10,699 views 13344 2004 User List Retrieved Successfully
INFO 2024-03-19 15:58:12,696 views 13344 2004 User List Retrieved Successfully
INFO 2024-03-19 15:58:29,654 views 13344 2004 User List Retrieved Successfully
ERROR 2024-03-19 15:58:38,117 views 13344 17028 Error in Adding Bank Details 
INFO 2024-03-19 15:59:07,435 views 13344 2004 User List Retrieved Successfully
INFO 2024-03-19 15:59:11,386 views 13344 17028 Bank Details Added Successfully
INFO 2024-03-19 16:10:02,940 views 13344 4308 User List Retrieved Successfully
INFO 2024-03-19 16:11:19,617 views 13344 3544 Bank Details Added Successfully
INFO 2024-03-19 16:15:08,693 views 13344 3544 User List Retrieved Successfully
INFO 2024-03-19 16:15:43,831 views 13344 13864 User List Retrieved Successfully
